<?xml version="1.0" encoding="UTF-8"?>
<!-- Generated by org.testng.reporters.JUnitReportReporter -->
<testsuite hostname="DESKTOP-QRNIO1B" failures="0" tests="1" name="Script1.Test2" time="0.015" errors="0" timestamp="18 Aug 2021 14:48:50 GMT" skipped="0">
  <testcase classname="Script1.Test2" name="testB" time="0.015"/>
</testsuite> <!-- Script1.Test2 -->
