<?xml version="1.0" encoding="UTF-8"?>
<!-- Generated by org.testng.reporters.JUnitReportReporter -->
<testsuite hostname="DESKTOP-QRNIO1B" failures="0" tests="1" name="Script.TestNg" time="0.016" errors="0" timestamp="17 Aug 2021 15:28:04 GMT" skipped="0">
  <testcase classname="Script.TestNg" name="testA" time="0.016"/>
</testsuite> <!-- Script.TestNg -->
