<?xml version="1.0" encoding="UTF-8"?>
<!-- Generated by org.testng.reporters.JUnitReportReporter -->
<testsuite hostname="DESKTOP-QRNIO1B" failures="0" tests="1" name="script.test1" time="8.875" errors="0" timestamp="19 Aug 2021 13:14:16 GMT" skipped="0">
  <testcase classname="script.test1" name="testA" time="8.875"/>
</testsuite> <!-- script.test1 -->
