<?xml version="1.0" encoding="UTF-8"?>
<!-- Generated by org.testng.reporters.JUnitReportReporter -->
<testsuite hostname="DESKTOP-QRNIO1B" failures="0" tests="1" name="a1.Demo1" time="0.005" errors="0" timestamp="19 Aug 2021 14:23:02 GMT" skipped="0">
  <testcase classname="a1.Demo1" name="testng" time="0.005"/>
</testsuite> <!-- a1.Demo1 -->
