<?xml version="1.0" encoding="UTF-8"?>
<!-- Generated by org.testng.reporters.JUnitReportReporter -->
<testsuite hostname="DESKTOP-QRNIO1B" failures="0" tests="1" name="Script.UpdateUser" time="0.012" errors="0" timestamp="17 Aug 2021 15:29:29 GMT" skipped="0">
  <testcase classname="Script.UpdateUser" name="testA" time="0.012"/>
</testsuite> <!-- Script.UpdateUser -->
